2018-06-08 06:02:29 ===5838479218127813673
2018-06-08 06:03:01 ===5838479218127813673
2018-06-08 06:03:10 ===6003737704141914046
Jun 08 2018 09:23:52:INFO:1426: ===5838479218127813673
Jun 08 2018 09:30:09:INFO:403: R 
<xml><ToUserName><![CDATA[gh_c5591a632637]]></ToUserName>
<FromUserName><![CDATA[oN5P2w2DUu_24e-l-0n7tYF-5w60]]></FromUserName>
<CreateTime>1528450209</CreateTime>
<MsgType><![CDATA[text]]></MsgType>
<Content><![CDATA[yy]]></Content>
<MsgId>6564643661651139567</MsgId>
</xml>
Jun 08 2018 09:30:09:INFO:403: T 
<xml>
    <ToUserName><![CDATA[oN5P2w2DUu_24e-l-0n7tYF-5w60]]></ToUserName>
    <FromUserName><![CDATA[gh_c5591a632637]]></FromUserName>
    <CreateTime>1528450209</CreateTime>
    <MsgType><![CDATA[text]]></MsgType>
    <Content><![CDATA[2018-06-08 09:30:09
æŠ€æœ¯æ”¯æŒ æ–¹å€å·¥ä½œå®¤]]></Content>
</xml>
Jun 08 2018 12:54:44:INFO:29341: R 
<xml><ToUserName><![CDATA[gh_c5591a632637]]></ToUserName>
<FromUserName><![CDATA[oN5P2w-Vbg0Vd54vN1GaqreEDbXM]]></FromUserName>
<CreateTime>1528462484</CreateTime>
<MsgType><![CDATA[event]]></MsgType>
<Event><![CDATA[subscribe]]></Event>
<EventKey><![CDATA[]]></EventKey>
</xml>
Jun 08 2018 12:54:44:INFO:29341: T 
<xml>
    <ToUserName><![CDATA[oN5P2w-Vbg0Vd54vN1GaqreEDbXM]]></ToUserName>
    <FromUserName><![CDATA[gh_c5591a632637]]></FromUserName>
    <CreateTime>1528462484</CreateTime>
    <MsgType><![CDATA[text]]></MsgType>
    <Content><![CDATA[æ¬¢è¿Žå…³æ³¨æ–¹å€å·¥ä½œå®¤ 
è¯·å›žå¤ä»¥ä¸‹å…³é”®å­—ï¼šæ–‡æœ¬ è¡¨æƒ… å•å›¾æ–‡ å¤šå›¾æ–‡ å›¾æ–‡1 å›¾æ–‡2 å›¾æ–‡3 å›¾æ–‡4 å›¾æ–‡5 éŸ³ä¹
è¯·æŒ‰ä½è¯´è¯ æˆ– ç‚¹å‡» + å†åˆ†åˆ«å‘é€ä»¥ä¸‹å†…å®¹ï¼šè¯­éŸ³ å›¾ç‰‡ å°è§†é¢‘ æˆ‘çš„æ”¶è— ä½ç½®]]></Content>
</xml>
Jun 08 2018 12:54:56:INFO:403: R 
<xml><ToUserName><![CDATA[gh_c5591a632637]]></ToUserName>
<FromUserName><![CDATA[oN5P2w-Vbg0Vd54vN1GaqreEDbXM]]></FromUserName>
<CreateTime>1528462495</CreateTime>
<MsgType><![CDATA[text]]></MsgType>
<Content><![CDATA[î’]]></Content>
<MsgId>6564696429619342905</MsgId>
</xml>
Jun 08 2018 12:54:56:INFO:403: T 
<xml>
    <ToUserName><![CDATA[oN5P2w-Vbg0Vd54vN1GaqreEDbXM]]></ToUserName>
    <FromUserName><![CDATA[gh_c5591a632637]]></FromUserName>
    <CreateTime>1528462496</CreateTime>
    <MsgType><![CDATA[text]]></MsgType>
    <Content><![CDATA[2018-06-08 12:54:56
æŠ€æœ¯æ”¯æŒ æ–¹å€å·¥ä½œå®¤]]></Content>
</xml>
Jun 08 2018 12:55:33:INFO:1426: R 
<xml><ToUserName><![CDATA[gh_c5591a632637]]></ToUserName>
<FromUserName><![CDATA[oN5P2w-Vbg0Vd54vN1GaqreEDbXM]]></FromUserName>
<CreateTime>1528462533</CreateTime>
<MsgType><![CDATA[text]]></MsgType>
<Content><![CDATA[è¡¨æƒ…]]></Content>
<MsgId>6564696592828100173</MsgId>
</xml>
Jun 08 2018 12:55:33:INFO:1426: T 
<xml>
    <ToUserName><![CDATA[oN5P2w-Vbg0Vd54vN1GaqreEDbXM]]></ToUserName>
    <FromUserName><![CDATA[gh_c5591a632637]]></FromUserName>
    <CreateTime>1528462533</CreateTime>
    <MsgType><![CDATA[text]]></MsgType>
    <Content><![CDATA[å¾®ç¬‘ï¼š/::)
ä¹’ä¹“ï¼š/:oo
å¤ªé˜³ï¼šâ˜€
ä»™äººæŽŒï¼šðŸŒµ
çŽ‰ç±³ï¼šðŸŒ½
è˜‘è‡ï¼šðŸ„
çš‡å† ï¼šðŸ‘‘]]></Content>
</xml>
Jun 12 2018 04:33:14:INFO:8987: wx_api.php: 65: wechatCallbackapiTest::getAccessToken:url: https://api.weixin.qq.com/cgi-bin/token?grant_type=client_credential&appid=wx4b0408a2f732d560&secret=edd818cb9cfb39ec472107f045aba749
Jun 12 2018 04:33:14:DEBUG:8987: Util.php: 33: Util::request:method: GET url: https://api.weixin.qq.com/cgi-bin/token?grant_type=client_credential&appid=wx4b0408a2f732d560&secret=edd818cb9cfb39ec472107f045aba749
Jun 12 2018 04:33:14:DEBUG:8987: Util.php: 50: Util::request:ok::{"errcode":40164,"errmsg":"invalid ip 47.93.148.247, not in whitelist hint: [MHMGsa09944559]"}
Jun 12 2018 04:33:14:INFO:8987: wx_api.php: 67: wechatCallbackapiTest::getAccessToken:url: https://api.weixin.qq.com/cgi-bin/token?grant_type=client_credential&appid=wx4b0408a2f732d560&secret=edd818cb9cfb39ec472107f045aba749, resp: {"errcode":40164,"errmsg":"invalid ip 47.93.148.247, not in whitelist hint: [MHMGsa09944559]"}
Jun 12 2018 04:34:39:INFO:9050: wx_api.php: 65: wechatCallbackapiTest::getAccessToken:url: https://api.weixin.qq.com/cgi-bin/token?grant_type=client_credential&appid=wx4b0408a2f732d560&secret=edd818cb9cfb39ec472107f045aba749
Jun 12 2018 04:34:39:DEBUG:9050: Util.php: 33: Util::request:method: GET url: https://api.weixin.qq.com/cgi-bin/token?grant_type=client_credential&appid=wx4b0408a2f732d560&secret=edd818cb9cfb39ec472107f045aba749
Jun 12 2018 04:34:39:DEBUG:9050: Util.php: 50: Util::request:ok::{"access_token":"10_l6fsHYrNg147THZjW-TqOvTuVqXN0670SVvaXf4f099LIWSBGq_lZ6ESJTY-LISeJyrhTuM2cwj3tMzGGkcK5M0OFO4t9C5o7FXTfBaazuYvr5Ihht4XIpfqr5Ag0C8tN0T5GvJHcnCP8PJqQRKcAGAMNG","expires_in":7200}
Jun 12 2018 04:34:39:INFO:9050: wx_api.php: 67: wechatCallbackapiTest::getAccessToken:url: https://api.weixin.qq.com/cgi-bin/token?grant_type=client_credential&appid=wx4b0408a2f732d560&secret=edd818cb9cfb39ec472107f045aba749, resp: {"access_token":"10_l6fsHYrNg147THZjW-TqOvTuVqXN0670SVvaXf4f099LIWSBGq_lZ6ESJTY-LISeJyrhTuM2cwj3tMzGGkcK5M0OFO4t9C5o7FXTfBaazuYvr5Ihht4XIpfqr5Ag0C8tN0T5GvJHcnCP8PJqQRKcAGAMNG","expires_in":7200}
Jun 12 2018 04:34:45:INFO:10945: wx_api.php: 65: wechatCallbackapiTest::getAccessToken:url: https://api.weixin.qq.com/cgi-bin/token?grant_type=client_credential&appid=wx4b0408a2f732d560&secret=edd818cb9cfb39ec472107f045aba749
Jun 12 2018 04:34:45:DEBUG:10945: Util.php: 33: Util::request:method: GET url: https://api.weixin.qq.com/cgi-bin/token?grant_type=client_credential&appid=wx4b0408a2f732d560&secret=edd818cb9cfb39ec472107f045aba749
Jun 12 2018 04:34:45:DEBUG:10945: Util.php: 50: Util::request:ok::{"access_token":"10_xJCqb3H9G_QhnlFHW-TqOvTuVqXN0670SVvaXf4f099LIWSBGq_lZ6ESJTauNG8A8KvyN6HHZt90aO6W8or64Y2Ty6Pw33VsGhLwXeNDGZlBi8Cx7yvzzgcRJBgpg2xrPlpWQaY6-y_jmv-kVSUcAGAYVX","expires_in":7200}
Jun 12 2018 04:34:45:INFO:10945: wx_api.php: 67: wechatCallbackapiTest::getAccessToken:url: https://api.weixin.qq.com/cgi-bin/token?grant_type=client_credential&appid=wx4b0408a2f732d560&secret=edd818cb9cfb39ec472107f045aba749, resp: {"access_token":"10_xJCqb3H9G_QhnlFHW-TqOvTuVqXN0670SVvaXf4f099LIWSBGq_lZ6ESJTauNG8A8KvyN6HHZt90aO6W8or64Y2Ty6Pw33VsGhLwXeNDGZlBi8Cx7yvzzgcRJBgpg2xrPlpWQaY6-y_jmv-kVSUcAGAYVX","expires_in":7200}
Jun 12 2018 04:35:45:DEBUG:8987: Util.php: 33: Util::request:method: GET url: https://api.weixin.qq.com/cgi-bin/token?grant_type=client_credential&appid=wx4b0408a2f732d560&secret=edd818cb9cfb39ec472107f045aba749
Jun 12 2018 04:35:45:DEBUG:8987: Util.php: 50: Util::request:ok::{"access_token":"10_ZySl7tebKeLBn4MDvOKhUSwM9OAdMgdtV1bngjkqWDQwW91dPOeSggZ4CoR2B8OU5W037NKOF4zapjYRpe2JoDV6sPcnDNF4Al6hy6TFsrVIdHHmsEUMidfAEPKC_EaZOyAk_7dyDq_ZQixuDEWbAIAHIA","expires_in":7200}
Jun 12 2018 04:35:45:INFO:8987: wx_api.php: 66: wechatCallbackapiTest::getAccessToken:url: https://api.weixin.qq.com/cgi-bin/token?grant_type=client_credential&appid=wx4b0408a2f732d560&secret=edd818cb9cfb39ec472107f045aba749, resp: {"access_token":"10_ZySl7tebKeLBn4MDvOKhUSwM9OAdMgdtV1bngjkqWDQwW91dPOeSggZ4CoR2B8OU5W037NKOF4zapjYRpe2JoDV6sPcnDNF4Al6hy6TFsrVIdHHmsEUMidfAEPKC_EaZOyAk_7dyDq_ZQixuDEWbAIAHIA","expires_in":7200}
Jun 12 2018 04:39:11:DEBUG:9050: Util.php: 33: Util::request:method: GET url: https://api.weixin.qq.com/cgi-bin/token?grant_type=client_credential&appid=wx4b0408a2f732d560&secret=edd818cb9cfb39ec472107f045aba749
Jun 12 2018 04:39:12:DEBUG:9050: Util.php: 50: Util::request:ok::{"access_token":"10_Yxf3X46_V-ouFYrxOkZr-5jflWOzk_mGKCdk5p_WyojUnkevACbt5OaNTbodfWuF4NsUyI7CtYwlpUyXvm5g8jd3feSlbKBZA2NYskhv2Wrm-IvXMepygzeOBooDOFeABAQBS","expires_in":7200}
Jun 12 2018 04:39:12:INFO:9050: wx_api.php: 66: wechatCallbackapiTest::getAccessToken:url: https://api.weixin.qq.com/cgi-bin/token?grant_type=client_credential&appid=wx4b0408a2f732d560&secret=edd818cb9cfb39ec472107f045aba749, resp: {"access_token":"10_Yxf3X46_V-ouFYrxOkZr-5jflWOzk_mGKCdk5p_WyojUnkevACbt5OaNTbodfWuF4NsUyI7CtYwlpUyXvm5g8jd3feSlbKBZA2NYskhv2Wrm-IvXMepygzeOBooDOFeABAQBS","expires_in":7200}
Jun 12 2018 04:39:32:DEBUG:10945: Util.php: 33: Util::request:method: GET url: https://api.weixin.qq.com/cgi-bin/token?grant_type=client_credential&appid=wx4b0408a2f732d560&secret=edd818cb9cfb39ec472107f045aba749
Jun 12 2018 04:39:32:DEBUG:10945: Util.php: 50: Util::request:ok::{"access_token":"10_W8QAPOOsLz1smrKeRrRpU2hmODGBT-gN9_bEnGkQsTqYWGXvYuH6eiVBp1Ae5meuu_Nvzzsi3njjPYLOEjSt6-Qy_q7lVnwZNZN1PnMyeksgh0Uqr6YHEFJ5kpwbvByFa6LX5df5XQH_ioGaLRRcAHAYEE","expires_in":7200}
Jun 12 2018 04:39:32:INFO:10945: wx_api.php: 66: wechatCallbackapiTest::getAccessToken:url: https://api.weixin.qq.com/cgi-bin/token?grant_type=client_credential&appid=wx4b0408a2f732d560&secret=edd818cb9cfb39ec472107f045aba749, resp: {"access_token":"10_W8QAPOOsLz1smrKeRrRpU2hmODGBT-gN9_bEnGkQsTqYWGXvYuH6eiVBp1Ae5meuu_Nvzzsi3njjPYLOEjSt6-Qy_q7lVnwZNZN1PnMyeksgh0Uqr6YHEFJ5kpwbvByFa6LX5df5XQH_ioGaLRRcAHAYEE","expires_in":7200}
Jun 12 2018 04:39:45:DEBUG:8987: Util.php: 33: Util::request:method: GET url: https://api.weixin.qq.com/cgi-bin/token?grant_type=client_credential&appid=wx4b0408a2f732d560&secret=edd818cb9cfb39ec472107f045aba749
Jun 12 2018 04:39:45:DEBUG:8987: Util.php: 50: Util::request:ok::{"access_token":"10_GUJ1jIyRof83gSd7RrRpU2hmODGBT-gN9_bEnGkQsTqYWGXvYuH6eiVBp1DNNb9hS9pQXfRz50nNBjxTkNic5M-UiKkb7TrcbJGJ8hk8-khpyIy57jeWyeYKMTubxy57B5GCS2h6sD11cYW6SIGcAHAJZX","expires_in":7200}
Jun 12 2018 04:39:45:INFO:8987: wx_api.php: 66: wechatCallbackapiTest::getAccessToken:url: https://api.weixin.qq.com/cgi-bin/token?grant_type=client_credential&appid=wx4b0408a2f732d560&secret=edd818cb9cfb39ec472107f045aba749, resp: {"access_token":"10_GUJ1jIyRof83gSd7RrRpU2hmODGBT-gN9_bEnGkQsTqYWGXvYuH6eiVBp1DNNb9hS9pQXfRz50nNBjxTkNic5M-UiKkb7TrcbJGJ8hk8-khpyIy57jeWyeYKMTubxy57B5GCS2h6sD11cYW6SIGcAHAJZX","expires_in":7200}
Jun 12 2018 04:39:45:INFO:8987: R 
<xml>    <ToUserName><![CDATA[gh_204936aea56d]]></ToUserName>    <FromUserName><![CDATA[ojpX_jig-gyi3_Q9fHXQ4rdHniQs]]></FromUserName>    <CreateTime>1528778381</CreateTime>    <MsgType><![CDATA[text]]></MsgType>    <Content><![CDATA[aaad]]></Content>    <MsgId>1234567890abcdef</MsgId></xml>
Jun 12 2018 04:39:45:INFO:8987: T 
<xml>
    <ToUserName><![CDATA[ojpX_jig-gyi3_Q9fHXQ4rdHniQs]]></ToUserName>
    <FromUserName><![CDATA[gh_204936aea56d]]></FromUserName>
    <CreateTime>1528778385</CreateTime>
    <MsgType><![CDATA[text]]></MsgType>
    <Content><![CDATA[2018-06-12 04:39:45
æŠ€æœ¯æ”¯æŒ æ–¹å€å·¥ä½œå®¤]]></Content>
</xml>
Jun 12 2018 12:42:58:DEBUG:10945: Util.php: 33: Util::request:method: GET url: https://api.weixin.qq.com/cgi-bin/token?grant_type=client_credential&appid=wx4b0408a2f732d560&secret=edd818cb9cfb39ec472107f045aba749
Jun 12 2018 12:42:59:DEBUG:10945: Util.php: 50: Util::request:ok::{"access_token":"10_HSn6l4PA0KHt0lVNyO0Vou8ZGzn5qabFrUvdrUGsa9MPXYNtdZWEs0HwdwwI7FPGFCa-SZaa011D7aJN1D29yaTm_JVx7brUnWaVwhzl9jN_F2XxqIWCqNR6Z3PFvmzMbi2V5G9iQ58dXR3-GHQgADACDM","expires_in":7200}
Jun 12 2018 12:42:59:INFO:10945: wx_api.php: 67: wechatCallbackapiTest::getAccessToken:url: https://api.weixin.qq.com/cgi-bin/token?grant_type=client_credential&appid=wx4b0408a2f732d560&secret=edd818cb9cfb39ec472107f045aba749, resp: {"access_token":"10_HSn6l4PA0KHt0lVNyO0Vou8ZGzn5qabFrUvdrUGsa9MPXYNtdZWEs0HwdwwI7FPGFCa-SZaa011D7aJN1D29yaTm_JVx7brUnWaVwhzl9jN_F2XxqIWCqNR6Z3PFvmzMbi2V5G9iQ58dXR3-GHQgADACDM","expires_in":7200}
Jun 12 2018 12:42:59:INFO:10945: R 
<xml>    <ToUserName><![CDATA[gh_204936aea56d]]></ToUserName>    <FromUserName><![CDATA[ojpX_jig-gyi3_Q9fHXQ4rdHniQs]]></FromUserName>    <CreateTime>1528778575</CreateTime>    <MsgType><![CDATA[text]]></MsgType>    <Content><![CDATA[aaad]]></Content>    <MsgId>1234567890abcdef</MsgId></xml>
Jun 12 2018 12:42:59:INFO:10945: T 
<xml>
    <ToUserName><![CDATA[ojpX_jig-gyi3_Q9fHXQ4rdHniQs]]></ToUserName>
    <FromUserName><![CDATA[gh_204936aea56d]]></FromUserName>
    <CreateTime>1528778579</CreateTime>
    <MsgType><![CDATA[text]]></MsgType>
    <Content><![CDATA[2018-06-12 12:42:59
æŠ€æœ¯æ”¯æŒ æ–¹å€å·¥ä½œå®¤]]></Content>
</xml>
